rm -rf /tmp/Multiplier/sim
mkdir -p /tmp/Multiplier/sim
verilator -DTOPNAME=csa -DTESTDIR=\"/home/omare/Documents/Projects/Multiplier/data/\" -DTOP=top -Wno-WIDTHTRUNC -Wno-WIDTHEXPAND -DW=32 -DM=8 -DPIPE=0  \
	-CFLAGS \
	-Itb\
	-Irtl\
	--cc rtl/csa.sv rtl/fa.sv rtl/ha.sv rtl/rca.sv\
	tb/test_adder.sv \
	--exe /home/omare/Documents/Projects/Multiplier/tb/test.cpp \
	-top-module top \
	--Mdir /tmp/Multiplier/sim
- V e r i l a t i o n   R e p o r t: Verilator 5.038 2025-07-08 rev v5.038
- Verilator: Built from 0.097 MB sources in 6 modules, into 0.213 MB in 8 C++ files needing 0.000 MB
- Verilator: Walltime 0.036 s (elab=0.002, cvt=0.028, bld=0.000); cpu 0.035 s on 1 threads; alloced 11.977 MB
make -C /tmp/Multiplier/sim -f Vtop.mk Vtop
make[1]: Entering directory '/tmp/Multiplier/sim'
g++  -I.  -MMD -I/nix/store/8dmnrgkpvlgln18ab5pix8dj7pgqd8ba-verilator-5.038/share/verilator/include -I/nix/store/8dmnrgkpvlgln18ab5pix8dj7pgqd8ba-verilator-5.038/share/verilator/include/vltstd -DVM_COVERAGE=0 -DVM_SC=0 -DVM_TIMING=0 -DVM_TRACE=0 -DVM_TRACE_FST=0 -DVM_TRACE_VCD=0 -DVM_TRACE_SAIF=0 -faligned-new -fcf-protection=none -Wno-bool-operation -Wno-shadow -Wno-sign-compare -Wno-subobject-linkage -Wno-tautological-compare -Wno-uninitialized -Wno-unused-but-set-parameter -Wno-unused-but-set-variable -Wno-unused-parameter -Wno-unused-variable    -Itb   -Os  -c -o test.o /home/omare/Documents/Projects/Multiplier/tb/test.cpp
g++ -Os  -I.  -MMD -I/nix/store/8dmnrgkpvlgln18ab5pix8dj7pgqd8ba-verilator-5.038/share/verilator/include -I/nix/store/8dmnrgkpvlgln18ab5pix8dj7pgqd8ba-verilator-5.038/share/verilator/include/vltstd -DVM_COVERAGE=0 -DVM_SC=0 -DVM_TIMING=0 -DVM_TRACE=0 -DVM_TRACE_FST=0 -DVM_TRACE_VCD=0 -DVM_TRACE_SAIF=0 -faligned-new -fcf-protection=none -Wno-bool-operation -Wno-shadow -Wno-sign-compare -Wno-subobject-linkage -Wno-tautological-compare -Wno-uninitialized -Wno-unused-but-set-parameter -Wno-unused-but-set-variable -Wno-unused-parameter -Wno-unused-variable    -Itb   -c -o verilated.o /nix/store/8dmnrgkpvlgln18ab5pix8dj7pgqd8ba-verilator-5.038/share/verilator/include/verilated.cpp
make[1]: *** [/nix/store/8dmnrgkpvlgln18ab5pix8dj7pgqd8ba-verilator-5.038/share/verilator/include/verilated.mk:280: verilated.o] Interrupt
make: *** [Makefile:57: compile] Interrupt
